<?xml version="1.0" encoding="UTF-8"?>
<!-- Generated by org.testng.reporters.JUnitReportReporter -->
<testsuite hostname="ESLLAP-3859" failures="0" tests="3" name="demo.scripts.PrivacyPolicy" time="18.011" errors="0" timestamp="15 Sep 2023 06:39:43 GMT">
  <testcase classname="demo.scripts.PrivacyPolicy" name="privacyPolicyTest" time="14.290"/>
  <testcase classname="demo.scripts.PrivacyPolicy" name="privacyPolicyTest_Fail" time="2.966"/>
  <testcase classname="demo.scripts.PrivacyPolicy" name="footerElementCount" time="0.755"/>
</testsuite> <!-- demo.scripts.PrivacyPolicy -->
