<?xml version="1.0" encoding="UTF-8"?>
<!-- Generated by org.testng.reporters.JUnitReportReporter -->
<testsuite hostname="ESLLAP-3757" failures="0" tests="1" name="demo.scripts.Mobilebrowser" time="38.353" errors="0" timestamp="25 Sep 2023 06:36:40 GMT">
  <testcase classname="demo.scripts.Mobilebrowser" name="MarketElementTest" time="38.353"/>
</testsuite> <!-- demo.scripts.Mobilebrowser -->
