<?xml version="1.0" encoding="UTF-8"?>
<!-- Generated by org.testng.reporters.JUnitReportReporter -->
<testsuite hostname="ESLLAP-3859" failures="0" tests="1" name="demo.scripts.UIMapLoginTest" time="16.105" errors="0" timestamp="11 Sep 2023 06:17:58 GMT">
  <testcase classname="demo.scripts.UIMapLoginTest" name="login" time="16.105"/>
</testsuite> <!-- demo.scripts.UIMapLoginTest -->
