<?xml version="1.0" encoding="UTF-8"?>
<!-- Generated by org.testng.reporters.JUnitReportReporter -->
<testsuite hostname="ESLLAP-3757" failures="0" tests="1" name="demo.scripts.MobilePagination" time="34.420" errors="0" timestamp="9 Oct 2023 04:38:39 GMT">
  <testcase classname="demo.scripts.MobilePagination" name="PaginationObject_Verification" time="34.420"/>
</testsuite> <!-- demo.scripts.MobilePagination -->
