<?xml version="1.0" encoding="UTF-8"?>
<!-- Generated by org.testng.reporters.JUnitReportReporter -->
<testsuite hostname="ESLLAP-3859" failures="0" tests="3" name="demo.scripts.SaveTestNGResultToExcel" time="20.036" errors="0" timestamp="11 Sep 2023 06:36:45 GMT">
  <testcase classname="demo.scripts.SaveTestNGResultToExcel" name="LaunchWebsite" time="8.467"/>
  <testcase classname="demo.scripts.SaveTestNGResultToExcel" name="DoLogin" time="5.277"/>
  <testcase classname="demo.scripts.SaveTestNGResultToExcel" name="FillLoginDetails" time="6.292"/>
</testsuite> <!-- demo.scripts.SaveTestNGResultToExcel -->
