<?xml version="1.0" encoding="UTF-8"?>
<!-- Generated by org.testng.reporters.JUnitReportReporter -->
<testsuite hostname="ESLLAP-3859" failures="0" tests="1" name="demo.scripts.UnlistedCorporate" time="48.888" errors="0" timestamp="13 Sep 2023 04:33:46 GMT">
  <testcase classname="demo.scripts.UnlistedCorporate" name="UnlistedCorporateSukuk" time="48.888"/>
</testsuite> <!-- demo.scripts.UnlistedCorporate -->
