<?xml version="1.0" encoding="UTF-8"?>
<!-- Generated by org.testng.reporters.JUnitReportReporter -->
<testsuite hostname="ESLLAP-3859" failures="0" tests="2" name="demo.scripts.PrivacyPolicy1" time="6.753" errors="0" timestamp="5 Sep 2023 13:05:47 GMT">
  <testcase classname="demo.scripts.PrivacyPolicy1" name="sampleTest1" time="0.988"/>
  <testcase classname="demo.scripts.PrivacyPolicy1" name="SampleTest" time="5.765"/>
</testsuite> <!-- demo.scripts.PrivacyPolicy1 -->
