<?xml version="1.0" encoding="UTF-8"?>
<!-- Generated by org.testng.reporters.JUnitReportReporter -->
<testsuite hostname="ESLLAP-3859" failures="0" tests="1" name="jarvis.scripts.Login" time="13.364" errors="0" timestamp="29 Aug 2023 10:08:31 GMT">
  <testcase classname="jarvis.scripts.Login" name="SampleTest" time="13.364"/>
</testsuite> <!-- jarvis.scripts.Login -->
