<?xml version="1.0" encoding="UTF-8"?>
<!-- Generated by org.testng.reporters.JUnitReportReporter -->
<testsuite hostname="ESLLAP-3859" failures="0" tests="1" name="demo.scripts.MarketNewsReports" time="13.809" errors="0" timestamp="8 Sep 2023 10:49:36 GMT">
  <testcase classname="demo.scripts.MarketNewsReports" name="MarketNewsReportsTest" time="13.809"/>
</testsuite> <!-- demo.scripts.MarketNewsReports -->
